<?xml version="1.0" encoding="UTF-8"?>
<testsuite name="test.pokemontest.TestPokemonDBA" tests="2" skipped="0" failures="0" errors="0" timestamp="2016-04-28T10:23:56" hostname="PC-PF0CSFKY" time="0.006">
  <properties/>
  <testcase name="test" classname="test.pokemontest.TestPokemonDBA" time="0.003"/>
  <testcase name="test1" classname="test.pokemontest.TestPokemonDBA" time="0.001"/>
  <system-out><![CDATA[]]></system-out>
  <system-err><![CDATA[]]></system-err>
</testsuite>
